0 info it worked if it ends with ok
1 verbose cli [ 'C:\\Program Files\\nodejs\\\\node.exe',
1 verbose cli   'C:\\Program Files\\nodejs\\node_modules\\npm\\bin\\npm-cli.js',
1 verbose cli   'install' ]
2 info using npm@1.4.28
3 info using node@v0.10.33
4 verbose node symlink C:\Program Files\nodejs\\node.exe
5 warn package.json pixie-and-goose@0.0.0 No description
6 warn package.json pixie-and-goose@0.0.0 No repository field.
7 warn package.json pixie-and-goose@0.0.0 No README data
8 verbose readDependencies using package.json deps
9 verbose install where, deps [ 'C:\\Users\\Dave\\pixie-and-goose',
9 verbose install   [ 'browser-sync',
9 verbose install     'browserify-shim',
9 verbose install     'browserify',
9 verbose install     'coffeescript',
9 verbose install     'coffeeify',
9 verbose install     'connect',
9 verbose install     'gulp-changed',
9 verbose install     'gulp-compass',
9 verbose install     'gulp-imagemin',
9 verbose install     'gulp-notify',
9 verbose install     'gulp-open',
9 verbose install     'gulp',
9 verbose install     'vinyl-source-stream',
9 verbose install     'watchify',
9 verbose install     'gulp-util',
9 verbose install     'pretty-hrtime' ] ]
10 info preinstall pixie-and-goose@0.0.0
11 verbose readDependencies using package.json deps
12 verbose already installed skipping browser-sync@~0.8.2 C:\Users\Dave\pixie-and-goose
13 verbose already installed skipping browserify-shim@~3.4.1 C:\Users\Dave\pixie-and-goose
14 verbose already installed skipping browserify@~3.36.0 C:\Users\Dave\pixie-and-goose
15 verbose cache add [ 'coffeescript@1.8.0', null ]
16 verbose cache add name=undefined spec="coffeescript@1.8.0" args=["coffeescript@1.8.0",null]
17 verbose parsed url { protocol: null,
17 verbose parsed url   slashes: null,
17 verbose parsed url   auth: null,
17 verbose parsed url   host: null,
17 verbose parsed url   port: null,
17 verbose parsed url   hostname: null,
17 verbose parsed url   hash: null,
17 verbose parsed url   search: null,
17 verbose parsed url   query: null,
17 verbose parsed url   pathname: 'coffeescript@1.8.0',
17 verbose parsed url   path: 'coffeescript@1.8.0',
17 verbose parsed url   href: 'coffeescript@1.8.0' }
18 verbose already installed skipping coffeeify@~0.6.0 C:\Users\Dave\pixie-and-goose
19 verbose already installed skipping connect@~2.14.3 C:\Users\Dave\pixie-and-goose
20 verbose already installed skipping gulp-changed@~0.3.0 C:\Users\Dave\pixie-and-goose
21 verbose already installed skipping gulp-compass@~1.1.8 C:\Users\Dave\pixie-and-goose
22 verbose already installed skipping gulp-imagemin@~0.1.5 C:\Users\Dave\pixie-and-goose
23 verbose already installed skipping gulp-notify@~1.2.4 C:\Users\Dave\pixie-and-goose
24 verbose already installed skipping gulp-open@~0.2.8 C:\Users\Dave\pixie-and-goose
25 verbose already installed skipping gulp@~3.8.0 C:\Users\Dave\pixie-and-goose
26 verbose already installed skipping vinyl-source-stream@~0.1.1 C:\Users\Dave\pixie-and-goose
27 verbose already installed skipping watchify@~0.10.1 C:\Users\Dave\pixie-and-goose
28 verbose already installed skipping gulp-util@~2.2.14 C:\Users\Dave\pixie-and-goose
29 verbose already installed skipping pretty-hrtime@~0.2.1 C:\Users\Dave\pixie-and-goose
30 verbose cache add name="coffeescript" spec="1.8.0" args=["coffeescript","1.8.0"]
31 verbose parsed url { protocol: null,
31 verbose parsed url   slashes: null,
31 verbose parsed url   auth: null,
31 verbose parsed url   host: null,
31 verbose parsed url   port: null,
31 verbose parsed url   hostname: null,
31 verbose parsed url   hash: null,
31 verbose parsed url   search: null,
31 verbose parsed url   query: null,
31 verbose parsed url   pathname: '1.8.0',
31 verbose parsed url   path: '1.8.0',
31 verbose parsed url   href: '1.8.0' }
32 verbose addNamed [ 'coffeescript', '1.8.0' ]
33 verbose addNamed [ '1.8.0', '1.8.0' ]
34 silly lockFile 00157b29-coffeescript-1-8-0 coffeescript@1.8.0
35 verbose lock coffeescript@1.8.0 C:\Users\Dave\AppData\Roaming\npm-cache\00157b29-coffeescript-1-8-0.lock
36 verbose request where is /coffeescript
37 verbose request registry https://registry.npmjs.org/
38 verbose request id 9777cbe78fecc01b
39 verbose url raw /coffeescript
40 verbose url resolving [ 'https://registry.npmjs.org/', './coffeescript' ]
41 verbose url resolved https://registry.npmjs.org/coffeescript
42 verbose request where is https://registry.npmjs.org/coffeescript
43 info trying registry request attempt 1 at 21:55:57
44 http GET https://registry.npmjs.org/coffeescript
45 http 200 https://registry.npmjs.org/coffeescript
46 silly registry.get cb [ 200,
46 silly registry.get   { date: 'Sat, 29 Nov 2014 02:55:53 GMT',
46 silly registry.get     server: 'CouchDB/1.5.0 (Erlang OTP/R16B03)',
46 silly registry.get     etag: '"EKPPI3VL1AS1AFVP62JKWNOZB"',
46 silly registry.get     'content-type': 'application/json',
46 silly registry.get     'cache-control': 'max-age=60',
46 silly registry.get     'content-length': '1522',
46 silly registry.get     'accept-ranges': 'bytes',
46 silly registry.get     via: '1.1 varnish',
46 silly registry.get     age: '0',
46 silly registry.get     'x-served-by': 'cache-jfk1035-JFK',
46 silly registry.get     'x-cache': 'MISS',
46 silly registry.get     'x-cache-hits': '0',
46 silly registry.get     'x-timer': 'S1417229753.186640,VS0,VE86',
46 silly registry.get     vary: 'Accept',
46 silly registry.get     'keep-alive': 'timeout=10, max=50',
46 silly registry.get     connection: 'Keep-Alive' } ]
47 silly lockFile 00157b29-coffeescript-1-8-0 coffeescript@1.8.0
48 silly lockFile 00157b29-coffeescript-1-8-0 coffeescript@1.8.0
49 error Error: version not found: coffeescript@1.8.0
49 error     at C:\Program Files\nodejs\node_modules\npm\lib\cache\add-named.js:125:12
49 error     at saved (C:\Program Files\nodejs\node_modules\npm\node_modules\npm-registry-client\lib\get.js:167:7)
49 error     at Object.oncomplete (fs.js:107:15)
50 error If you need help, you may report this *entire* log,
50 error including the npm and node versions, at:
50 error     <http://github.com/npm/npm/issues>
51 error System Windows_NT 6.1.7601
52 error command "C:\\Program Files\\nodejs\\\\node.exe" "C:\\Program Files\\nodejs\\node_modules\\npm\\bin\\npm-cli.js" "install"
53 error cwd C:\Users\Dave\pixie-and-goose
54 error node -v v0.10.33
55 error npm -v 1.4.28
56 verbose exit [ 1, true ]
